DEBUG:root:4 5 9 20 0 24112 1408 1.4796720972298072 4
DEBUG:root:4 2 6 24 1 37760 2904 1.3871938679153717 4
DEBUG:root:4 10 6 30 0 79074 4623 1.8221215216097062 6
DEBUG:root:4 8 5 33 1 61521 3663 2.0632529945591243 3
DEBUG:root:9 4 3 39 1 124443 6264 1.6110353513025206 6
DEBUG:root:7 7 8 44 0 87498 5032 2.1326146682697633 2
DEBUG:root:6 4 4 20 1 33870 1610 1.7401783637323018 5
DEBUG:root:2 4 3 24 0 39504 2781 2.8780658302351627 3
DEBUG:root:1 3 2 30 1 64712 1938 0.5141331842609589 2
DEBUG:root:5 6 10 33 0 76131 2466 1.111124436407411 6
DEBUG:root:3 8 1 40 1 138352 5460 0.3792436076878217 4
DEBUG:root:3 7 4 45 1 176145 12555 2.2513620713403015 5
DEBUG:root:4 10 10 16 1 29768 976 0.9825051542239454 4
DEBUG:root:4 4 1 24 0 48255 2451 1.3199626056801916 3
DEBUG:root:7 1 3 30 0 72232 1584 0.31372690616508475 4
DEBUG:root:10 2 7 33 1 94923 3903 1.5560778787051395 3
DEBUG:root:7 1 1 36 0 110706 7632 1.2576147776019577 6
DEBUG:root:10 5 1 45 1 116946 5244 2.6066106492257384 3
DEBUG:root:10 5 6 18 0 28440 1791 1.7498963014827822 3
DEBUG:root:6 8 3 24 0 90684 4596 1.2109531046605948 6
DEBUG:root:10 7 3 24 1 69360 2334 1.0701808040705785 6
DEBUG:root:2 8 6 34 1 84444 5260 0.8251445808892505 4
DEBUG:root:3 5 5 39 0 143208 4440 0.5009613406817256 6
DEBUG:root:10 10 8 45 0 147396 5358 0.8991608820215424 6
DEBUG:root:5 9 10 18 1 31347 2247 2.536956563060464 3
DEBUG:root:7 8 3 24 1 40557 2781 1.2725035467034274 3
DEBUG:root:3 10 8 30 1 72543 2736 1.053438572939981 6
DEBUG:root:5 9 9 33 1 70281 3834 2.3861387467492037 6
DEBUG:root:5 1 2 36 1 99276 8139 5.433195728088235 6
DEBUG:root:6 3 10 44 0 130344 8088 2.1326627744271756 4
DEBUG:root:1 8 7 20 1 24214 1510 1.0011851754970447 2
DEBUG:root:10 8 2 24 0 42498 3588 2.9572536951663895 6
DEBUG:root:8 4 4 30 1 46602 2334 1.3259144054042813 6
DEBUG:root:5 7 4 24 1 113406 3726 1.5459260719709553 6
DEBUG:root:7 3 6 39 0 163437 8397 0.9117457938361465 6
DEBUG:root:4 7 6 45 0 195310 7870 1.4903874268958528 5
DEBUG:root:10 10 6 16 1 23296 924 1.237256529863043 4
DEBUG:root:3 5 10 24 0 54132 3208 3.602094011629612 4
DEBUG:root:2 6 4 30 0 65361 3303 0.8961887218994048 6
DEBUG:root:2 6 4 35 0 141735 3995 0.48579747225526576 5
DEBUG:root:8 3 8 40 0 81296 2918 0.8079898541717265 2
DEBUG:root:4 3 1 45 0 106605 8720 2.244516098621487 5
DEBUG:root:3 3 10 20 0 23322 922 1.0028439405993197 2
DEBUG:root:3 9 4 24 0 30686 1850 1.1741960445840485 2
DEBUG:root:4 3 4 30 1 50172 5919 4.952246915734156 3
DEBUG:root:5 7 10 35 1 93405 4090 2.065413115342501 5
DEBUG:root:6 5 4 40 0 136405 4235 0.8437297604816334 5
DEBUG:root:3 7 5 45 0 193092 11628 1.1019806461026445 3
DEBUG:root:8 7 8 20 0 40590 2170 1.5460668383142142 5
DEBUG:root:5 4 1 25 0 44905 2965 2.605871931744955 5
DEBUG:root:2 3 3 30 0 52266 3710 1.6054890657166518 2
DEBUG:root:6 4 3 34 1 77192 4092 1.0617337613942026 4
DEBUG:root:1 3 6 40 1 103908 3132 1.0576457276041504 2
DEBUG:root:9 1 9 45 1 117522 4137 1.6911866225189511 6
DEBUG:root:3 8 8 12 1 11268 912 2.752318390201794 6
DEBUG:root:2 1 7 24 0 45170 3086 1.4477547208425763 2
DEBUG:root:6 9 4 30 1 44262 4442 8.343140615423223 2
DEBUG:root:7 2 1 34 1 70182 1742 0.7744946821608536 2
DEBUG:root:6 2 5 40 1 170250 5495 1.2696185124048005 5
DEBUG:root:10 1 9 36 1 150342 7224 0.8893793908526243 6
DEBUG:root:1 4 10 20 1 33466 1020 0.6910935542035714 2
DEBUG:root:5 4 9 24 0 47748 4026 2.7909564078741145 6
DEBUG:root:9 4 1 30 0 71037 4428 1.6523925040248957 3
DEBUG:root:8 8 8 24 0 56409 5274 4.064675860309484 6
DEBUG:root:6 8 5 40 0 136145 4040 0.6616571915397447 5
DEBUG:root:1 6 5 40 1 154868 7100 0.7945732757081361 4
DEBUG:root:7 3 3 20 1 26754 1862 3.3233093246442653 2
DEBUG:root:2 4 1 25 0 28825 3470 2.1010020977971484 5
DEBUG:root:10 7 3 30 1 62644 2104 0.7961464151096338 4
DEBUG:root:4 6 10 35 1 99040 4135 1.2887952671082736 5
DEBUG:root:3 1 8 40 1 134040 4156 0.6005038611447424 4
DEBUG:root:6 4 4 36 1 171372 11214 1.3488335181351137 6
DEBUG:root:3 8 5 18 1 22617 1362 1.5729482958697327 6
DEBUG:root:4 3 6 25 1 42965 875 0.9753117703637049 5
DEBUG:root:10 5 5 24 1 59301 2178 1.9110942494208634 6
DEBUG:root:6 5 10 24 0 78168 2586 1.144149955686744 6
DEBUG:root:5 3 6 40 1 95948 3328 0.4885368557340963 4
DEBUG:root:5 10 10 45 1 235820 7365 0.45106114853783597 5
DEBUG:root:3 9 8 20 1 30680 2710 3.518084784538614 2
DEBUG:root:10 8 1 25 1 51245 2245 1.8432004030675089 5
DEBUG:root:6 1 1 30 1 44970 4350 3.9606969199157684 2
DEBUG:root:3 4 1 32 1 57292 4028 2.6063738346568712 4
DEBUG:root:7 8 8 40 1 102420 7930 1.256736497323457 5
DEBUG:root:2 8 3 45 1 121386 7770 1.3710178018860564 3
DEBUG:root:10 5 1 20 1 26160 1472 3.1224196424217463 4
DEBUG:root:3 9 6 25 0 55960 2235 1.621573077750491 5
DEBUG:root:2 9 9 30 1 70730 2325 0.8316441948254177 5
DEBUG:root:7 5 7 32 1 87732 3568 1.0881210861963813 4
DEBUG:root:6 1 4 40 0 87496 3570 2.366022618937659 2
DEBUG:root:2 9 4 40 0 41908 3372 2.059470793881558 4
DEBUG:root:9 8 8 20 0 29444 1272 1.2942971347142482 4
DEBUG:root:2 10 8 24 0 30752 1890 1.0999018492885226 2
DEBUG:root:9 3 8 30 1 74530 5795 2.314729176976239 5
DEBUG:root:3 9 2 34 0 37410 3872 5.034380264528444 2
DEBUG:root:6 10 2 39 0 100563 2352 0.9037346098042653 3
DEBUG:root:8 6 9 45 0 193347 11709 0.996870039148262 6
DEBUG:root:2 8 5 12 1 18933 399 0.499716450430832 6
DEBUG:root:7 8 7 24 0 51837 1830 0.7552824078146508 3
DEBUG:root:5 9 5 24 0 71212 3836 0.715658782550582 4
DEBUG:root:10 1 4 34 1 67366 2612 1.6070891174937567 2
DEBUG:root:8 9 3 39 1 102498 8052 2.2536777247324493 6
DEBUG:root:7 3 8 45 1 160515 7704 1.3933925806796652 3
DEBUG:root:8 5 3 20 1 29428 1504 1.3312631954684688 4
DEBUG:root:8 1 9 24 1 49276 2544 0.7794549972903079 4
DEBUG:root:1 1 2 24 1 51236 4148 2.197939903357377 4
DEBUG:root:1 10 8 24 0 63660 2832 1.0423652200187403 6
DEBUG:root:2 1 5 40 1 115850 3620 0.4395212750119505 5
DEBUG:root:3 9 8 45 1 186025 8230 1.150900115732384 5
DEBUG:root:6 8 5 20 1 46715 1440 0.827113368963104 5
DEBUG:root:1 3 8 24 1 44300 1628 1.6648943641033964 2
DEBUG:root:1 9 1 30 0 51744 3642 2.2213276572927647 3
DEBUG:root:5 8 6 33 0 72567 2202 0.32215410168883785 3
DEBUG:root:4 10 9 39 0 131880 4692 0.3650749992258571 3
DEBUG:root:2 9 2 36 0 112182 2316 0.33532274184632704 6
DEBUG:root:1 5 8 20 0 37544 1928 1.0022253848356033 4
DEBUG:root:10 2 1 24 0 50676 3108 2.263616486513005 4
DEBUG:root:3 5 10 30 1 78729 2352 0.49525493123917547 6
DEBUG:root:6 2 10 24 0 82530 4572 2.274934210473728 6
DEBUG:root:9 10 10 36 0 141888 5970 1.180004621292236 6
DEBUG:root:4 2 10 44 1 98612 6368 1.4852849408296045 2
DEBUG:root:5 3 4 20 1 25374 1264 0.9730797593674185 2
DEBUG:root:5 6 8 24 0 31455 1506 0.7782855804160749 3
DEBUG:root:10 5 2 30 0 62682 3940 1.654855978943889 2
DEBUG:root:7 1 10 35 0 113790 3370 0.7662554604804241 5
DEBUG:root:3 5 1 40 0 103652 5678 0.8883116204399272 2
DEBUG:root:10 7 7 45 0 205285 6820 0.4476517621360776 5
DEBUG:root:6 9 1 20 0 35128 2068 0.8197495544081064 4
DEBUG:root:10 9 7 25 0 33270 1650 1.3360945043406136 5
DEBUG:root:6 1 10 24 1 46761 3123 1.5482480477696945 6
DEBUG:root:10 5 10 35 1 127955 6380 1.490661748205058 5
DEBUG:root:5 7 1 40 1 103048 8824 2.5100751128657497 4
DEBUG:root:7 1 5 44 1 111076 4474 0.93565904800386 2
DEBUG:root:2 9 8 20 0 35505 2170 3.0718542825309916 5
DEBUG:root:7 10 3 25 1 42860 3755 2.844572393093488 5
DEBUG:root:9 4 5 30 1 53721 5589 5.638144275331786 6
DEBUG:root:4 8 6 33 1 72438 7758 4.590671052877031 3
DEBUG:root:9 10 3 40 0 113718 5456 3.7742617410566024 2
DEBUG:root:7 4 5 45 0 134166 6486 0.6736516067803183 6
DEBUG:root:10 10 3 16 1 14284 964 2.776429014566637 4
DEBUG:root:10 7 8 24 0 33608 1296 1.099759815554384 4
DEBUG:root:1 8 7 30 0 47187 5550 1.9162217532298913 3
DEBUG:root:6 8 8 24 0 87711 3099 0.8456392897634674 6
DEBUG:root:3 10 9 40 1 110066 4808 1.612534145959836 2
DEBUG:root:6 9 4 45 0 127110 7458 2.4851479861278203 3
DEBUG:root:6 1 5 16 1 32840 1460 1.270736094549003 4
DEBUG:root:6 10 7 25 0 46990 2975 1.9032813979254457 5
DEBUG:root:5 3 7 30 1 59000 4410 5.071985328257366 2
DEBUG:root:8 5 6 33 1 80367 3918 0.9983658009169628 3
DEBUG:root:2 8 5 39 0 111915 6156 2.0683782647939553 6
DEBUG:root:6 9 7 36 1 114876 8424 0.6439405544869325 6
DEBUG:root:10 2 8 16 1 27432 1036 0.9514957428724107 4
DEBUG:root:7 5 10 24 1 41379 1908 1.509061483121711 6
DEBUG:root:2 9 7 30 0 55419 4578 1.970377187864246 6
DEBUG:root:10 3 6 35 0 83120 5925 1.3288216695324147 5
DEBUG:root:10 5 10 40 1 81882 4750 2.4028319819492516 2
DEBUG:root:9 3 5 45 0 185898 5979 0.7074879132280455 6
DEBUG:root:3 3 9 18 1 18186 1461 2.1154044126437177 6
DEBUG:root:2 8 8 24 1 57144 3408 1.8984716864711497 6
DEBUG:root:3 3 1 30 1 67526 4158 3.243623961511227 2
DEBUG:root:10 1 2 33 0 102585 3222 0.7748250305331132 3
DEBUG:root:3 3 2 39 0 106713 5889 1.1967417433322722 3
DEBUG:root:8 4 1 44 1 112948 6168 1.1035615164081356 2
DEBUG:root:1 8 9 20 1 30290 880 1.3453624119784042 5
DEBUG:root:2 5 2 24 0 53736 2142 1.797051748711179 6
DEBUG:root:1 6 5 30 1 57782 2126 0.5468069415396253 2
DEBUG:root:6 9 9 35 1 78050 4620 2.2150508857648536 5
DEBUG:root:2 8 8 40 0 126320 7120 4.165269315781243 5
DEBUG:root:9 7 2 45 1 118797 11055 2.197938496701784 3
DEBUG:root:4 4 9 20 1 28880 1686 1.317654013155251 2
DEBUG:root:2 7 5 24 0 40248 2020 1.7975344040160086 2
DEBUG:root:5 1 9 30 1 85482 1938 0.7118769838559176 3
DEBUG:root:2 2 10 34 0 76628 5198 4.115324348377649 2
DEBUG:root:5 5 6 40 1 110850 4735 1.7194505894036893 5
DEBUG:root:7 5 9 44 0 124456 9002 1.8164360724221582 2
DEBUG:root:2 1 5 20 0 37375 2650 3.2136642009392244 5
DEBUG:root:3 5 7 24 1 42160 1414 1.231138704746777 2
DEBUG:root:5 8 5 24 1 41019 4149 2.047518578666003 6
DEBUG:root:9 7 8 32 1 97652 4224 0.9653452452433962 4
DEBUG:root:9 3 2 39 1 116916 2724 0.4742361997915109 3
DEBUG:root:9 3 3 36 1 154878 4371 1.2494080700852894 6
DEBUG:root:2 10 8 18 1 26802 1122 1.177428226741127 3
DEBUG:root:8 6 3 24 1 30024 2493 1.0913441951108556 3
DEBUG:root:10 6 6 30 0 96496 4068 1.3917029713171474 4
DEBUG:root:9 6 8 35 0 76125 7345 2.8804369642948093 5
DEBUG:root:5 4 5 40 1 105075 8525 1.4001918256675454 5
DEBUG:root:3 6 5 45 1 120705 7233 0.9316285419727124 3
DEBUG:root:5 2 10 20 0 24998 2176 4.025257206188817 2
DEBUG:root:7 6 2 24 0 58797 2163 1.0190797547696406 6
DEBUG:root:6 1 8 30 0 71345 4570 1.8685065017552656 5
DEBUG:root:5 9 7 34 0 111268 6424 1.1205804767580927 4
DEBUG:root:1 4 6 39 0 109284 4341 0.9480523797739667 3
DEBUG:root:6 9 4 44 0 119620 8360 1.3960413445949515 4
DEBUG:root:9 10 8 18 1 32631 678 0.48189302127956135 3
DEBUG:root:7 1 8 24 0 69968 1788 0.5236450085486879 4
DEBUG:root:1 6 2 30 1 62835 1464 1.105540117117982 3
DEBUG:root:5 5 8 34 0 69572 2442 1.3679851595110577 2
DEBUG:root:1 4 9 39 0 112491 4371 1.157111359744718 3
DEBUG:root:3 4 8 44 0 96104 3802 1.6104016694661754 2
DEBUG:root:4 2 3 20 0 34784 2496 1.4633088116591684 2
DEBUG:root:2 1 5 24 1 52017 1971 1.2078745029556381 3
DEBUG:root:4 10 6 30 1 54591 4671 2.6683676699346526 3
DEBUG:root:4 10 1 34 1 81356 4360 1.3372225694235844 4
DEBUG:root:7 6 1 36 0 109839 8043 1.5401214484673675 6
DEBUG:root:4 3 4 44 0 67172 4550 6.06134283016222 2
DEBUG:root:5 7 9 20 0 33830 2105 1.522746024347348 5
DEBUG:root:7 1 1 24 1 53936 2708 1.4273340299996682 4
DEBUG:root:3 2 1 30 1 79445 4595 2.2719552609982565 5
DEBUG:root:5 3 1 35 0 120975 5500 1.9945704806572058 5
DEBUG:root:3 2 5 39 0 69585 3834 1.749128222884539 3
DEBUG:root:2 7 1 44 1 160152 8324 1.3373404130554614 4
DEBUG:root:5 3 3 20 0 36110 2425 1.6259109236078129 5
DEBUG:root:4 10 5 24 1 40458 2925 2.364427435696786 6
DEBUG:root:2 7 1 24 0 42392 3848 2.936681451765876 4
DEBUG:root:2 1 9 24 0 75954 4566 1.706086734062797 6
DEBUG:root:8 5 2 39 1 88731 6351 1.7574226997963962 3
DEBUG:root:1 9 1 45 0 117510 11067 2.0585074638812104 3
DEBUG:root:3 5 1 18 1 22374 792 1.1932456711318353 6
DEBUG:root:4 8 8 24 0 42148 2188 3.6931221187416727 4
DEBUG:root:4 3 5 30 1 89496 4998 1.546085251747198 6
DEBUG:root:5 10 9 33 0 107988 3633 0.6002919866956408 3
DEBUG:root:4 2 3 40 0 79684 6948 3.8412482962212438 2
DEBUG:root:6 10 3 44 0 117334 6732 1.1593942186899913 2
DEBUG:root:8 2 3 20 1 42200 2910 1.5569409960533689 5
DEBUG:root:9 9 5 24 1 38056 3948 6.134158089445909 4
DEBUG:root:1 7 4 30 1 42510 5260 2.7127520537082956 5
DEBUG:root:1 5 2 34 1 70918 2188 0.9230498652669904 2
DEBUG:root:2 1 4 39 0 92934 2619 0.2492508360720685 3
DEBUG:root:5 4 1 36 1 153816 6303 0.5060059437147544 6
DEBUG:root:3 3 7 18 0 19536 846 1.5154826645571595 3
DEBUG:root:7 1 3 24 1 57720 1848 0.6281774796229911 6
DEBUG:root:2 4 1 30 0 91174 3656 0.7401524014521557 2
DEBUG:root:10 7 6 32 0 80156 3920 3.970669409054552 4
DEBUG:root:8 6 2 40 0 138870 10830 2.672278565295488 5
DEBUG:root:10 9 4 36 0 163938 10881 1.050302539346032 6
DEBUG:root:4 10 1 20 0 32954 1304 1.166610928091233 2
DEBUG:root:6 8 9 24 0 44628 2984 2.223118657566219 4
DEBUG:root:3 2 4 30 0 55145 6280 5.341778079083643 5
DEBUG:root:8 4 2 35 0 128940 2780 0.3158925130116102 5
DEBUG:root:9 4 9 39 1 147645 6333 0.8325739323367424 3
DEBUG:root:6 7 4 45 0 184272 9966 2.004799387375128 6
DEBUG:root:10 9 1 20 1 34180 2120 0.9456819544382689 5
DEBUG:root:8 1 8 24 0 48480 3222 3.1565272573755334 6
DEBUG:root:8 7 8 30 1 67908 3764 2.5871247548101626 4
DEBUG:root:5 2 1 35 0 84050 5485 2.060402977708913 5
DEBUG:root:1 6 3 39 1 119748 7098 1.313311939002609 3
DEBUG:root:10 4 4 45 0 78726 9606 2.483929604141135 3
DEBUG:root:5 2 6 18 0 27021 765 0.7706778790445536 3
DEBUG:root:9 1 9 25 0 58845 2605 1.1028184518421456 5
DEBUG:root:9 2 8 30 1 64756 5068 1.7745953742139717 4
DEBUG:root:2 1 6 35 1 88060 9060 8.95590460735378 5
DEBUG:root:2 5 8 40 1 105888 5024 0.5936640239664084 4
DEBUG:root:4 9 4 44 0 144854 4754 0.4927193054583714 2
DEBUG:root:6 4 7 16 1 18012 1248 1.9713244796662956 4
DEBUG:root:3 9 8 25 1 57235 1430 0.6702514409220999 5
DEBUG:root:6 8 6 30 0 49542 3038 3.127978206697773 2
DEBUG:root:9 3 5 33 1 98136 5682 1.8737713244570917 6
DEBUG:root:10 9 9 40 0 89596 4682 0.766135890890624 2
DEBUG:root:5 4 10 45 0 132195 7404 1.9012090110188484 6
DEBUG:root:5 6 9 20 1 17156 944 4.0961642280151915 4
DEBUG:root:3 4 1 25 0 40350 3440 3.500016533423268 5
DEBUG:root:9 5 3 30 1 64060 4555 2.9450563301433625 5
DEBUG:root:10 2 6 24 1 92169 3141 0.8053983379112806 6
DEBUG:root:6 6 10 40 1 114434 4254 1.3418751420741843 2
DEBUG:root:3 8 5 45 1 126873 7860 2.0651922809563428 6
DEBUG:root:5 10 6 18 0 13131 570 1.107683576824765 6
DEBUG:root:3 8 9 24 1 29858 2510 1.0296475994227197 2
DEBUG:root:7 9 10 30 0 61060 2512 0.9752553131627484 4
DEBUG:root:8 2 3 24 1 71406 1980 0.6178466961704913 6
DEBUG:root:6 7 4 39 1 140298 4089 0.620107644657032 6
DEBUG:root:7 2 2 45 1 177785 6825 1.54877504018414 5
DEBUG:root:1 9 9 20 0 27088 1298 0.7336263272285011 2
DEBUG:root:7 1 2 25 0 70175 1260 0.38003252499450974 5
DEBUG:root:2 10 4 30 0 61248 5324 2.455631894565538 4
DEBUG:root:6 6 6 35 1 99590 4175 0.7822143552669845 5
DEBUG:root:2 2 8 40 0 61066 6408 18.513098666039838 2
DEBUG:root:8 2 4 45 0 184722 10050 2.8602953285177466 6
DEBUG:root:4 9 6 12 0 15330 1215 2.0561401356773943 6
DEBUG:root:1 8 3 24 0 53499 2994 1.9915913623571917 6
DEBUG:root:9 8 7 30 0 37240 2356 3.684718601683478 2
DEBUG:root:5 10 2 32 1 86656 2868 0.5155492731149881 4
DEBUG:root:7 5 8 39 0 106458 6636 1.507956423626047 3
DEBUG:root:7 10 2 45 1 128778 11145 1.8923078650301122 3
DEBUG:root:9 6 9 20 0 27176 1558 1.7697283080731476 2
DEBUG:root:7 6 10 24 0 43032 2008 0.92428188949959 4
DEBUG:root:10 5 8 30 1 73515 4362 1.3203170092491736 3
DEBUG:root:2 8 9 34 1 62120 4780 5.081043438028831 2
DEBUG:root:5 8 3 39 0 124539 8028 1.6359231984465827 3
DEBUG:root:4 3 7 45 1 89232 7509 1.477529397673739 3
DEBUG:root:7 4 9 20 1 35405 2495 2.0171871132282826 5
DEBUG:root:1 9 9 24 0 51516 3400 2.389464380148981 4
DEBUG:root:2 1 1 30 0 85304 2328 0.5056114553726935 4
DEBUG:root:6 3 5 32 1 110104 3508 0.8606078866910305 4
DEBUG:root:9 7 1 39 0 110007 5400 2.7274824851549955 3
DEBUG:root:7 4 6 45 0 138825 7375 1.1747906104356445 5
DEBUG:root:5 6 6 20 0 19760 1688 4.348376244814375 2
DEBUG:root:8 3 1 25 1 56845 1925 0.9006031613027554 5
DEBUG:root:5 8 3 30 1 39918 3682 4.136166880649592 2
DEBUG:root:4 1 5 34 1 89426 5474 1.722193283303504 2
DEBUG:root:7 5 2 40 1 100300 3928 0.7945626763084367 4
DEBUG:root:2 1 4 36 1 85161 8817 3.8239758386188867 6
DEBUG:root:6 8 5 20 0 21176 1248 1.9580597805240503 2
DEBUG:root:2 7 10 24 1 43857 2385 1.0460478158730602 3
DEBUG:root:7 7 8 30 0 62670 5220 3.14290725649814 5
DEBUG:root:5 8 1 34 0 108720 3412 0.9359890443048121 4
DEBUG:root:3 5 9 40 1 98062 5548 1.8718818832056805 2
DEBUG:root:8 5 2 45 0 126625 8455 1.1919779634476177 5
DEBUG:root:4 4 5 16 1 32908 2088 1.3137219433842904 4
DEBUG:root:5 5 1 24 0 55264 1436 0.41611341854032524 4
DEBUG:root:10 1 5 30 0 47511 3882 2.560059655670425 3
DEBUG:root:6 1 1 24 1 74850 5574 2.7355242680008423 6
DEBUG:root:5 4 7 40 0 87166 4698 2.407887560382461 2
DEBUG:root:10 2 7 45 0 159510 5871 0.6047295274959373 3
DEBUG:root:9 3 5 12 0 17937 582 0.9566121047781285 6
DEBUG:root:6 1 1 24 0 64632 2430 1.5773062457941323 6
DEBUG:root:6 7 3 30 1 99234 5070 0.6954188191269426 6
DEBUG:root:9 10 3 34 1 68148 4378 1.1866134434238396 2
DEBUG:root:5 10 4 40 1 113764 5336 1.6813577842810397 4
DEBUG:root:7 10 4 45 0 135405 7400 1.1591897072729678 5
DEBUG:root:5 1 8 18 1 25806 1929 3.155357467585609 3
DEBUG:root:2 3 10 24 0 31290 1581 2.6571596646608637 3
DEBUG:root:1 7 10 30 1 63972 2601 1.0165549921946102 6
DEBUG:root:2 1 5 34 0 79024 7318 6.360378892931543 2
DEBUG:root:6 7 7 39 0 67854 7197 2.9976809807342164 3
DEBUG:root:8 4 3 44 1 126964 6364 1.0008215176307247 4
DEBUG:root:10 3 7 12 1 19791 873 1.0900738037221251 6
DEBUG:root:6 4 8 24 1 37725 1512 2.133980731945814 3
DEBUG:root:4 7 10 30 0 97266 5289 2.426046041757506 3
DEBUG:root:4 9 2 32 1 81428 5608 1.3876346596824778 4
DEBUG:root:6 9 3 40 0 128910 6696 2.2163007753490884 2
DEBUG:root:3 4 5 36 1 110421 10500 1.4641404901833288 6
DEBUG:root:5 6 7 20 1 19692 1468 1.9954427544178066 4
DEBUG:root:5 5 9 24 0 26588 2376 2.077028419297851 4
DEBUG:root:10 4 8 30 1 70557 2151 0.9723770444062382 3
DEBUG:root:5 1 1 35 1 107380 6775 2.104659637826656 5
DEBUG:root:10 5 1 40 0 90700 4860 2.5873314415778528 5
DEBUG:root:1 2 1 44 0 135356 4828 1.096798462125916 2
DEBUG:root:3 10 1 20 0 30270 2250 2.402087803250588 2
DEBUG:root:8 3 5 25 0 68285 1770 0.8141100903570104 5
DEBUG:root:1 6 10 30 0 49554 2466 1.1289194424444995 6
DEBUG:root:8 8 10 32 0 113500 3844 0.7178428392986287 4
DEBUG:root:10 2 2 40 0 155545 5210 0.8708632248992991 5
DEBUG:root:3 10 2 45 1 110079 6108 2.1145353121743864 3
DEBUG:root:3 6 4 16 1 28272 1032 1.2007252157287225 4
DEBUG:root:7 5 10 24 0 28131 3885 7.067703264381449 6
DEBUG:root:3 10 6 30 1 39408 6294 8.451017988470303 6
DEBUG:root:3 2 1 24 1 90516 3693 1.980739375160912 6
DEBUG:root:5 4 7 40 0 151240 2964 0.495343314645955 4
DEBUG:root:4 6 5 44 1 112864 5800 3.6278384793073606 4
DEBUG:root:6 10 6 18 0 22965 1560 1.6989296674488905 3
DEBUG:root:4 2 1 24 1 43314 2361 2.6011319697056248 6
DEBUG:root:6 9 8 30 1 59415 1671 1.7470253862757492 3
DEBUG:root:7 6 5 33 1 58974 3402 1.4393912488049372 6
DEBUG:root:1 7 5 36 0 99270 5616 1.685900498313643 6
DEBUG:root:1 8 9 36 0 99408 7764 2.3377373690737286 6
DEBUG:root:8 1 5 20 1 34260 1425 1.0963888657476772 5
DEBUG:root:5 8 4 24 0 77049 1710 0.7467167815209605 6
DEBUG:root:3 7 3 24 1 72884 3812 0.9601358773984889 4
DEBUG:root:7 4 2 33 1 50280 5532 4.1955825916456435 3
DEBUG:root:9 10 8 40 1 106635 6605 2.5690170132441685 5
DEBUG:root:4 3 9 45 1 154395 6355 0.7418280712126002 5
DEBUG:root:8 8 4 18 1 30612 1161 1.0930485013033238 3
DEBUG:root:3 2 1 25 1 46650 2800 2.6470950235589124 5
DEBUG:root:6 6 7 30 1 58240 2052 0.8151449285109643 4
DEBUG:root:5 10 10 34 1 78790 5324 2.869310281186642 2
DEBUG:root:9 5 9 40 1 125344 7460 1.216101594386627 4
DEBUG:root:4 9 1 44 0 111136 3712 1.0697378368677404 4
DEBUG:root:10 9 4 16 1 25880 1460 2.003938578914836 4
DEBUG:root:4 6 6 24 0 78588 2144 0.6912466310644783 4
DEBUG:root:6 8 4 30 1 101235 4295 2.265385460061464 5
DEBUG:root:7 9 7 33 0 70773 4233 1.5110115515445646 3
DEBUG:root:2 3 6 40 0 113950 4470 1.1676960415337425 5
DEBUG:root:1 8 9 45 1 136315 8540 2.9325054772709414 5
DEBUG:root:6 6 8 18 1 23445 1077 1.2994999080755254 3
DEBUG:root:10 9 10 24 0 56037 1131 0.6130056208327828 3
DEBUG:root:6 5 4 24 1 47596 4308 1.1888964800103432 4
DEBUG:root:9 7 10 35 1 97795 4535 1.1205076996251755 5
DEBUG:root:5 8 8 40 0 123568 6952 1.4573232101555862 4
DEBUG:root:7 2 10 40 0 136660 7084 1.3968268467403873 4
DEBUG:root:3 10 7 20 0 28452 1204 1.036848968541446 4
DEBUG:root:9 8 1 24 0 54615 2451 1.030941204212325 6
DEBUG:root:9 6 8 30 0 73484 4698 2.902207662760563 2
DEBUG:root:4 8 5 32 0 116372 4988 1.670177136141256 4
DEBUG:root:9 10 4 40 1 78525 8560 4.332965961370298 5
DEBUG:root:4 1 6 44 0 132148 7004 2.9247260166314 4
DEBUG:root:6 10 9 20 1 41570 2390 3.4402802807828277 5
DEBUG:root:9 10 8 25 0 37000 2060 1.0405196287466265 5
DEBUG:root:6 4 9 30 0 46473 4464 3.8422305438422115 3
DEBUG:root:5 8 3 24 0 52047 2490 0.699407598170064 6
DEBUG:root:6 10 10 40 1 155800 7490 1.326747844002299 5
DEBUG:root:2 9 10 45 1 124398 7449 4.082974414271887 3
DEBUG:root:8 7 1 18 1 18954 588 0.9729235346350924 6
DEBUG:root:8 4 6 24 1 38478 3210 2.1615244503098903 6
DEBUG:root:9 10 4 24 1 51996 2280 0.5956012288702803 4
DEBUG:root:10 8 9 34 0 74930 3080 2.66218225520018 2
DEBUG:root:7 5 10 39 0 98250 3501 0.46010625413942574 3
DEBUG:root:2 1 1 36 1 147816 10299 2.447469015919937 6
DEBUG:root:10 5 7 16 1 35984 1192 0.8814173647200976 4
DEBUG:root:4 6 6 24 0 43166 1170 0.40529351277969666 2
DEBUG:root:5 4 9 30 0 56625 3327 2.3988607562952646 3
DEBUG:root:8 1 7 24 0 78135 4977 1.6640353069344014 6
DEBUG:root:6 1 9 39 0 108120 8580 2.1155832476082885 6
DEBUG:root:8 3 6 45 1 193820 7535 1.460811350357908 5
DEBUG:root:6 6 2 18 0 12207 651 2.1152077954979642 6
DEBUG:root:10 2 4 24 1 38844 3252 2.6639082395913034 4
DEBUG:root:8 1 4 30 1 28202 1800 2.0789148172662104 2
DEBUG:root:3 4 3 33 0 66828 5634 1.3179231979696295 3
DEBUG:root:7 1 3 40 1 97208 7228 2.542202115693801 4
DEBUG:root:4 9 1 45 1 171990 7720 0.746821487765202 5
DEBUG:root:2 6 8 20 0 44360 2440 1.7964013303546587 5
DEBUG:root:5 9 9 24 1 48236 2524 1.172025765735431 4
DEBUG:root:5 10 3 24 0 69096 3768 1.308456114981395 6
DEBUG:root:8 5 6 24 0 80802 4692 1.986786522863636 6
DEBUG:root:2 10 8 40 1 173735 6090 0.4520771515761491 5
DEBUG:root:3 1 2 44 0 99652 5408 4.204787959991647 4
DEBUG:root:3 8 8 20 0 35664 756 0.6954803217938502 4
DEBUG:root:3 9 8 24 1 58101 1872 0.6039452807155996 3
DEBUG:root:6 6 10 24 0 71688 4302 1.8110871269266622 6
DEBUG:root:1 9 2 33 0 75612 3144 1.3451797409644377 3
DEBUG:root:8 7 2 40 1 94655 4760 0.9748869665607441 5
DEBUG:root:10 10 3 44 0 111834 7660 1.951274111915685 2
DEBUG:root:3 9 10 20 0 27492 1460 1.0623335159514469 4
DEBUG:root:1 7 10 24 1 51198 2436 1.3073779337564588 6
DEBUG:root:9 5 7 24 1 64608 2886 2.2522627809509252 6
DEBUG:root:8 1 4 35 1 65815 3810 1.635445476086994 5
DEBUG:root:7 9 3 40 0 104310 9105 2.1446100406116857 5
DEBUG:root:4 10 6 44 1 183912 7852 1.3727440335485603 4
DEBUG:root:4 8 2 16 0 34148 1700 1.6214842303566563 4
DEBUG:root:2 2 4 24 0 45822 3048 2.8503860333650457 6
DEBUG:root:8 2 2 30 0 36152 2660 2.73729218407782 2
DEBUG:root:5 7 4 35 1 79895 6330 1.452196559789673 5
DEBUG:root:1 3 7 40 0 66072 7544 13.106995373907138 4
DEBUG:root:2 2 7 44 0 90202 5196 0.6821943646278824 2
DEBUG:root:3 2 5 16 1 32236 1288 0.6067158082175187 4
DEBUG:root:7 7 6 25 1 58150 2645 0.9247830582845985 5
DEBUG:root:9 7 3 30 0 72368 3764 0.851383873950019 2
DEBUG:root:7 5 7 34 1 80344 3196 1.1234552599644352 4
DEBUG:root:10 8 4 40 1 57236 7032 3.2091562778878733 4
DEBUG:root:6 1 10 45 0 206088 4251 1.0385477675334753 3
DEBUG:root:7 1 4 20 0 37618 1154 0.4641414723975007 2
DEBUG:root:1 6 5 24 0 44180 2724 1.7494450584033412 4
DEBUG:root:8 9 1 30 1 71874 3948 2.5199314272651723 3
DEBUG:root:4 6 1 33 0 66099 5244 2.3331625538891143 3
DEBUG:root:9 3 5 39 0 118164 4356 0.6800732347642034 6
DEBUG:root:2 7 2 44 1 126536 8972 2.0827171403450686 4
DEBUG:root:5 1 8 20 0 45295 2060 1.0695190875546157 5
DEBUG:root:4 6 3 24 0 29460 3116 3.6696648046491953 4
DEBUG:root:6 8 2 30 1 85580 4535 2.3736942846524234 5
DEBUG:root:6 8 1 33 0 75642 3006 1.0889398500953686 6
DEBUG:root:4 5 8 40 1 109388 5616 2.7479732832448645 4
DEBUG:root:9 1 6 45 1 164675 10600 2.121093645255726 5
DEBUG:root:6 7 8 18 1 16536 642 1.024325573579366 6
DEBUG:root:7 2 1 25 0 50450 1765 1.3046380741749977 5
DEBUG:root:5 9 8 30 1 64900 1986 0.5098863195015044 2
DEBUG:root:6 7 2 33 1 55869 6726 7.3408275563557925 3
DEBUG:root:8 6 2 39 1 73074 5172 5.013936103999129 3
DEBUG:root:7 4 4 40 0 137756 6828 4.104231401345006 4
DEBUG:root:3 10 7 18 1 35154 1296 1.7169407136251813 3
DEBUG:root:5 10 5 24 0 28092 3381 2.9331171612486466 3
DEBUG:root:4 4 1 30 0 60636 4164 1.7851701124935455 6
DEBUG:root:7 1 4 34 1 89504 6492 1.711773134977914 4
DEBUG:root:3 3 9 40 0 120920 11685 3.329628994590909 5
DEBUG:root:2 5 5 44 0 115252 4348 1.4072830687453997 4
DEBUG:root:6 4 2 20 0 29868 1694 1.1393814310747201 2
DEBUG:root:1 6 4 24 1 28320 3315 3.724707325304742 3
DEBUG:root:9 7 7 30 0 60708 4308 2.4293391577633408 2
DEBUG:root:8 4 6 35 0 63680 5210 1.8330177680084856 5
DEBUG:root:2 5 4 40 1 87060 7528 4.183425026936382 4
DEBUG:root:8 6 3 36 0 147051 4776 0.6237859872453082 6
DEBUG:root:1 1 7 16 1 17292 1608 2.184606166629987 4
DEBUG:root:8 7 7 24 1 44262 2331 1.3756585480005779 6
DEBUG:root:4 4 10 30 0 56556 3280 1.4025397401897244 2
DEBUG:root:2 2 5 24 0 72456 5379 1.9878427235579268 6
DEBUG:root:6 8 6 36 0 113364 5340 0.7748545198500663 6
DEBUG:root:2 3 8 45 1 90195 3850 0.9627764227778489 5
DEBUG:root:5 2 7 20 0 34960 1355 1.0190872483728344 5
DEBUG:root:6 4 8 24 0 36855 2418 2.465993619548626 3
DEBUG:root:3 10 8 30 1 96783 2475 0.7898213970986121 3
DEBUG:root:5 8 7 35 0 114040 5385 1.2495454655815363 5
DEBUG:root:1 1 2 40 1 89722 2602 1.7730151459954866 2
DEBUG:root:10 1 5 45 1 86640 12993 4.538582278545172 3
DEBUG:root:5 3 4 12 1 18765 534 0.9080069546259177 6
DEBUG:root:3 9 6 24 1 30978 2884 2.9475489018863303 2
DEBUG:root:10 9 10 24 0 47936 2136 0.9169732588653027 4
DEBUG:root:1 9 2 33 0 53508 2301 2.799877911218021 3
DEBUG:root:4 9 6 40 1 155970 5855 0.5672778932375756 5
DEBUG:root:5 7 6 45 0 106725 4938 1.041497222274673 3
DEBUG:root:2 5 3 16 1 18844 1200 2.685153725895333 4
DEBUG:root:1 4 4 24 0 43506 1782 0.5640519992005918 6
DEBUG:root:3 7 1 30 0 57998 1518 1.2561282759534866 2
DEBUG:root:6 5 1 35 0 76780 8910 1.734292751627178 5
DEBUG:root:10 1 2 39 1 126057 4875 1.0990621591427918 3
DEBUG:root:10 10 3 45 0 134304 6093 1.196087904574854 6
DEBUG:root:1 8 4 18 1 20919 1338 1.0701026387558614 3
DEBUG:root:4 9 7 24 1 40347 1374 1.3416363213198752 3
DEBUG:root:6 1 2 30 0 60402 3402 1.4846233092853907 2
DEBUG:root:3 3 9 33 0 81657 2469 0.9523968188509788 6
DEBUG:root:8 8 10 39 0 158667 9624 2.262538942353682 3
DEBUG:root:4 1 1 44 1 146244 9892 1.6342747787725527 2
DEBUG:root:7 5 5 20 0 22348 1686 2.0053892334833825 2
DEBUG:root:7 10 1 24 0 46868 2924 2.408817072638499 4
DEBUG:root:6 9 8 30 0 55220 6915 5.568026309334922 5
DEBUG:root:6 5 2 34 1 53246 2178 1.581478325319146 2
DEBUG:root:7 9 2 40 0 95350 5298 1.4263451961952984 2
DEBUG:root:9 4 3 36 1 124794 8055 2.5524392939361107 6
DEBUG:root:5 8 10 20 0 24660 3210 5.507300837398054 5
DEBUG:root:2 10 10 24 1 67062 2172 0.6974198422892481 6
DEBUG:root:2 8 4 24 1 77812 2644 0.5626555901639416 4
DEBUG:root:9 10 4 33 1 80304 2466 1.0121390767361784 3
DEBUG:root:10 6 4 36 1 124263 4338 0.4439915598632201 6
DEBUG:root:4 2 4 45 1 130300 9810 1.2665576474375555 5
DEBUG:root:3 4 9 20 0 26565 2160 3.1714485807014245 5
DEBUG:root:7 2 3 25 0 46525 1215 1.017708702530274 5
DEBUG:root:1 6 5 30 1 51352 3946 1.4246493469147834 2
DEBUG:root:9 10 3 35 1 100565 2410 0.8155803325460654 5
DEBUG:root:10 9 5 39 1 106881 7572 4.156455067772284 3
DEBUG:root:7 2 9 45 0 161955 13505 1.775413148940728 5
DEBUG:root:8 2 2 12 0 19698 519 0.7922213562918355 6
DEBUG:root:2 6 7 24 1 41768 1400 0.9071989870728192 4
DEBUG:root:3 8 3 30 0 67152 1788 1.4467452331860808 3
DEBUG:root:9 10 1 34 0 75628 3174 0.8046743564433894 2
DEBUG:root:4 4 6 36 1 146724 3912 1.3563855510387288 6
DEBUG:root:2 4 2 40 1 144096 7568 1.0330724113909473 4
DEBUG:root:6 3 7 18 0 25104 1617 2.1695845690953623 3
DEBUG:root:2 1 4 24 0 23528 2458 8.974137543927164 2
DEBUG:root:9 5 6 30 0 60096 2145 0.6850599632923428 6
DEBUG:root:1 3 5 33 1 75573 3390 0.9787043276147535 3
DEBUG:root:3 2 5 40 1 170480 8050 1.0461930092465077 5
DEBUG:root:2 1 3 44 1 114158 8042 2.280127824748764 2
DEBUG:root:2 4 7 20 0 25090 1240 1.6303496159333901 2
DEBUG:root:9 2 5 24 1 54472 1160 0.6268978338250752 4
DEBUG:root:4 2 4 24 0 73782 3696 1.6448269668283728 6
DEBUG:root:8 2 3 33 0 68769 2286 1.5678868204748018 3
DEBUG:root:7 7 5 39 0 142554 4020 2.834148125155793 3
DEBUG:root:2 3 5 36 0 173883 3096 0.2248133487614446 6
DEBUG:root:8 2 8 18 0 27057 909 0.6586573527076878 3
DEBUG:root:10 10 8 24 0 50664 1224 0.8880032705885553 3
DEBUG:root:2 6 9 30 1 55938 2319 0.8403574195928756 3
DEBUG:root:6 9 9 34 0 50804 4750 2.4497192176043416 2
DEBUG:root:5 9 5 39 1 118698 8721 2.358796362501491 3
DEBUG:root:6 6 3 45 1 158355 6993 1.509340912446802 3
DEBUG:root:5 8 3 18 0 17430 549 1.0010489755196255 6
DEBUG:root:6 8 2 24 0 70389 1458 0.384076336513255 6
DEBUG:root:8 7 7 30 0 55205 5125 3.398813683386689 5
DEBUG:root:4 1 3 32 0 96064 5332 1.821581168932916 4
DEBUG:root:4 7 2 40 0 87894 8528 3.5172526683604817 2
DEBUG:root:8 4 10 45 1 104166 7725 0.8516874040181143 3
DEBUG:root:1 2 8 18 1 22320 1056 0.8823886574747578 3
DEBUG:root:7 4 9 24 1 61650 4380 2.1461014062907893 6
DEBUG:root:9 1 7 24 1 63380 1988 1.2989402034185646 4
DEBUG:root:8 1 3 35 1 98790 5255 1.8095774516543242 5
DEBUG:root:3 1 7 36 1 129675 3735 0.5847982339704435 6
DEBUG:root:6 2 4 44 1 100548 6506 2.087148116881604 2
DEBUG:root:3 2 6 20 0 23330 2452 1.414710947647042 2
DEBUG:root:9 2 1 24 0 32540 988 2.084993113131974 2
DEBUG:root:3 3 6 30 0 68664 1292 0.3757267915501886 4
DEBUG:root:5 1 2 34 0 107952 6076 1.6155051246978223 4
DEBUG:root:7 6 8 39 0 122556 5124 1.841120869549021 6
DEBUG:root:1 5 1 45 1 189051 7602 1.5694921677970517 6
DEBUG:root:5 6 4 20 0 23620 1735 2.3673868928708734 5
DEBUG:root:6 10 6 25 0 47440 1215 0.5459700083615001 5
DEBUG:root:9 1 4 30 1 71996 2460 0.6479525631941752 2
DEBUG:root:10 6 2 35 0 73915 4425 0.8356398954262005 5
DEBUG:root:10 9 2 39 1 72243 7782 3.2174909662345783 3
DEBUG:root:9 1 1 45 1 125907 4854 0.7294657065604201 3
DEBUG:root:5 5 7 18 0 24657 777 0.7817474783176118 3
DEBUG:root:8 6 8 24 1 61914 3255 1.8927512307161158 6
DEBUG:root:6 8 9 30 1 64850 3030 1.6892213108571583 5
DEBUG:root:7 9 1 32 0 136832 5304 0.5591708157871065 4
DEBUG:root:7 6 8 39 1 130542 7557 1.25442491546539 6
DEBUG:root:1 1 1 44 1 105564 6068 1.2504212873316392 4
DEBUG:root:2 5 2 12 1 22236 1128 1.0801028525152796 6
DEBUG:root:7 10 6 24 0 59884 3008 1.2504564726258247 4
DEBUG:root:1 2 4 30 0 75648 1732 0.46595170569180844 4
DEBUG:root:4 8 1 35 0 69715 3635 1.4331632156759753 5
DEBUG:root:10 9 8 40 0 87530 7165 5.0247140108348205 5
DEBUG:root:6 9 5 45 1 115520 6560 2.438210314489087 5
DEBUG:root:8 10 10 18 1 31680 1077 0.9738918267946668 3
DEBUG:root:3 1 6 24 1 29688 1140 1.0831824191475432 3
DEBUG:root:7 1 6 30 0 58190 4280 1.9642715043465255 5
DEBUG:root:8 4 8 32 0 96376 7044 1.807368721445561 4
DEBUG:root:4 7 8 39 0 101145 11760 3.3420919228792654 6
DEBUG:root:1 4 4 44 0 157396 8536 1.6354316766535373 4
DEBUG:root:6 6 3 20 1 36580 2520 2.218040972876678 5
DEBUG:root:5 3 3 24 1 66693 1974 0.7693522914541955 3
DEBUG:root:7 10 9 30 0 50964 1858 2.071516531859557 2
DEBUG:root:5 4 8 33 0 61218 3288 2.5428303009489794 6
DEBUG:root:5 1 8 40 0 90018 5394 2.8206910678284687 2
DEBUG:root:10 7 2 45 1 182286 3648 0.9597765557373426 6
DEBUG:root:4 3 2 20 0 35630 1555 0.6881265055227184 5
DEBUG:root:8 3 2 25 0 51340 1875 2.547087491269496 5
DEBUG:root:3 7 1 30 1 87111 3999 1.649357251381822 6
DEBUG:root:5 10 7 34 1 67756 4708 3.3604183382962094 2
DEBUG:root:1 4 10 40 0 105596 9330 1.6301628863004645 2
DEBUG:root:8 4 10 45 0 113485 9655 3.558511102721989 5
DEBUG:root:4 8 1 18 0 25119 1440 1.5453224596100716 3
DEBUG:root:4 2 6 24 1 54736 2968 0.7817430868876123 4
DEBUG:root:3 2 6 30 0 69540 4745 1.7543971940614063 5
DEBUG:root:8 3 10 35 1 75500 3115 1.1905387312005935 5
DEBUG:root:10 7 6 39 1 122496 5196 2.758356717995847 3
DEBUG:root:4 1 10 45 1 170000 6850 1.4002957160131007 5
DEBUG:root:8 4 8 20 1 28440 1412 1.763861525202132 4
DEBUG:root:1 1 3 24 1 39534 2037 1.7157308250637777 3
DEBUG:root:5 5 3 30 1 41524 5288 9.378034459170815 4
DEBUG:root:7 10 8 33 1 99282 4551 0.6744519688766331 3
DEBUG:root:5 9 8 40 0 128676 7604 1.5678340366750285 4
DEBUG:root:1 2 7 36 0 125748 10479 1.308558794457145 6
DEBUG:root:9 10 9 20 1 20812 1984 2.9256419925374955 2
DEBUG:root:6 9 10 24 1 46092 1746 0.8129947255796434 6
DEBUG:root:4 10 2 30 0 52701 4569 2.4873225452710397 3
DEBUG:root:10 3 1 35 1 107510 4505 0.4809435129343289 5
DEBUG:root:8 6 6 39 0 102063 3075 0.5931130304783487 6
DEBUG:root:8 8 6 44 0 72456 8302 4.698644077252642 2
DEBUG:root:8 2 6 18 0 41352 1803 1.0300159058671867 3
DEBUG:root:6 1 10 24 1 30717 2040 1.8028395010485863 3
DEBUG:root:1 6 3 30 1 61440 5550 1.8394269329190065 5
DEBUG:root:8 3 5 33 0 52503 2271 2.6947083068130624 3
DEBUG:root:1 9 8 40 0 120032 5750 1.0646939701061173 2
DEBUG:root:6 7 6 44 0 109158 8646 3.5383693088959016 2
DEBUG:root:1 10 8 18 1 21522 816 0.9979121705448827 6
DEBUG:root:8 2 8 24 1 43011 2376 1.022680542538272 3
DEBUG:root:1 8 8 30 0 60480 5370 3.101511002407506 6
DEBUG:root:6 3 10 35 0 118295 7070 1.1008643332636197 5
DEBUG:root:5 1 2 39 1 99153 4062 1.463445020524625 3
DEBUG:root:8 8 6 45 0 146034 7731 1.4555662260537514 3
DEBUG:root:1 9 9 18 0 26655 1182 1.525976747311654 3
DEBUG:root:8 10 10 24 0 33446 2482 1.496863104868358 2
DEBUG:root:8 10 6 30 1 74560 1792 0.43446823277360586 2
DEBUG:root:1 5 2 35 1 63145 5325 2.8143969156854616 5
DEBUG:root:8 5 5 40 1 95252 6428 1.4328333669612086 2
DEBUG:root:3 6 3 45 0 137304 6843 2.04803049333149 6
DEBUG:root:6 9 7 20 0 50565 1910 0.8984855204888664 5
DEBUG:root:1 7 1 24 0 37209 3396 2.2261411631555283 3
DEBUG:root:4 4 4 30 0 51485 4105 1.297414144213145 5
DEBUG:root:5 5 2 24 1 87336 4668 2.30928244980114 6
DEBUG:root:5 5 4 40 1 98540 5052 1.2668789287573765 4
DEBUG:root:2 2 6 44 1 78524 8978 4.2654603143552166 2
DEBUG:root:10 5 4 20 1 33160 1860 1.4837493274540747 5
DEBUG:root:1 10 9 24 1 38985 2805 1.6001944049690564 6
DEBUG:root:3 7 3 30 0 58374 1614 0.44205215531902825 2
DEBUG:root:4 6 10 34 1 76946 6734 5.610876308228821 2
DEBUG:root:5 8 7 40 1 109575 6175 3.628384115728401 5
DEBUG:root:6 10 5 44 0 154608 6196 1.31734028929054 2
DEBUG:root:8 8 9 20 1 21482 1170 3.673337610090826 2
DEBUG:root:5 10 5 24 1 52398 1482 0.5654498031179723 6
DEBUG:root:4 1 5 24 1 78909 5205 3.6812460148954274 6
DEBUG:root:7 8 9 33 1 74868 4449 0.9991760015846866 3
DEBUG:root:10 7 10 39 0 124086 4632 0.46519437685521725 6
DEBUG:root:2 9 9 45 0 153252 4392 0.7943313345110024 6
DEBUG:root:10 8 7 20 0 29004 1512 1.3741297532416987 2
DEBUG:root:3 10 1 24 0 44850 3063 1.3909859949369714 6
DEBUG:root:8 8 5 30 1 42808 4814 3.1604208456299525 2
DEBUG:root:1 4 7 35 1 80790 7205 1.9334347598202204 5
DEBUG:root:8 10 2 40 1 114184 4920 1.4175258919666434 2
DEBUG:root:7 3 5 36 1 99723 7452 1.1731149083949213 6
DEBUG:root:1 3 7 18 0 16668 1287 2.3574927966074752 6
DEBUG:root:8 2 2 24 0 73182 1962 0.5292422652530595 6
DEBUG:root:10 6 3 30 0 50454 2472 2.2013449901308064 3
DEBUG:root:3 2 10 24 1 62298 3600 1.6700929668853273 6
DEBUG:root:2 5 6 39 1 93318 7299 3.0179055106459027 3
DEBUG:root:10 1 2 44 0 95880 10876 3.787851667209675 2
DEBUG:root:1 6 5 20 0 50535 2195 1.5393335729096815 5
DEBUG:root:10 1 3 24 0 35176 1466 0.7351667303799315 2
DEBUG:root:9 10 4 30 1 64640 5700 3.917478295681317 5
DEBUG:root:10 7 4 33 1 65472 1923 0.7348238168247206 6
DEBUG:root:2 8 5 39 0 139911 7338 3.0073341136222798 3
DEBUG:root:9 2 5 44 1 70952 12404 11.778125682156945 4
DEBUG:root:6 3 2 20 1 23950 1538 2.7789452393264447 2
DEBUG:root:2 6 5 24 1 38922 2151 1.1995501167535203 6
DEBUG:root:8 7 9 30 1 58668 2778 1.2568696321997885 6
DEBUG:root:4 5 3 34 1 59700 2984 1.4000732798957045 2
DEBUG:root:1 9 4 40 1 105952 2678 1.3675112893414432 2
DEBUG:root:9 8 8 45 1 136695 6354 1.1895511981451437 3
DEBUG:root:3 9 5 12 0 10230 786 3.0862862090179237 6
DEBUG:root:10 2 7 24 0 34185 1863 0.9470280014466546 3
DEBUG:root:3 3 6 30 1 79410 5240 2.7046029622166428 2
DEBUG:root:2 3 7 33 1 63909 5010 2.198843256095452 6
DEBUG:root:10 6 5 39 0 97821 2589 0.4155917900248964 3
DEBUG:root:5 1 4 44 0 87256 3704 2.6034956710498514 4
DEBUG:root:5 2 2 20 1 23872 1268 1.5664495475988143 4
DEBUG:root:5 8 2 24 1 66318 2328 1.3083655471888767 6
DEBUG:root:5 8 7 30 0 35146 3314 2.0445180305830792 2
DEBUG:root:4 3 2 33 0 77685 5385 2.727465975571893 3
DEBUG:root:9 6 2 39 1 130602 6258 1.9242939736287843 6
DEBUG:root:2 6 3 44 1 126974 3652 0.6889038271636719 2
DEBUG:root:9 1 10 20 1 19896 1388 2.3578048542999657 2
DEBUG:root:3 9 9 24 0 25644 1668 1.3373583379297616 3
DEBUG:root:7 7 6 24 0 42072 2396 1.7641929675373642 4
DEBUG:root:9 9 6 32 0 90512 4372 1.844105056860275 4
DEBUG:root:10 3 1 40 0 102632 3656 0.9839690145717871 4
DEBUG:root:3 6 6 40 1 148224 4928 0.8239655071459145 4
DEBUG:root:7 2 7 20 1 29108 2080 2.40625365390114 4
DEBUG:root:2 2 6 24 0 38060 1460 0.7976468296782977 2
DEBUG:root:6 10 1 24 0 78699 4332 1.7055552694360747 6
DEBUG:root:2 8 4 33 1 99324 5718 2.8401851311578503 3
DEBUG:root:3 3 8 39 1 131508 6906 0.9408131880624406 6
DEBUG:root:7 5 6 45 1 120147 7896 5.077316452948002 6
DEBUG:root:1 6 7 12 1 22158 1026 1.25095294765085 6
DEBUG:root:6 1 1 24 1 36882 2424 2.0505720086527406 3
DEBUG:root:5 8 10 30 1 63324 3328 1.5389929580620716 4
DEBUG:root:5 2 3 35 0 83410 3375 1.989884517923722 5
DEBUG:root:8 7 3 40 0 119505 6970 1.5580499467070845 5
DEBUG:root:3 1 9 45 0 98247 8829 1.6262948442474283 3
DEBUG:root:10 3 3 20 0 34200 1252 1.7894057399764223 2
DEBUG:root:1 9 6 24 1 30694 2942 4.4646959841032094 2
DEBUG:root:2 5 1 30 1 60650 4740 1.6251905703722707 5
DEBUG:root:5 4 4 32 1 91876 6532 1.9199725006227308 4
DEBUG:root:2 2 7 40 0 84026 4410 1.1051688391639902 2
DEBUG:root:8 2 1 45 0 106248 5724 0.721574604486314 3
DEBUG:root:10 4 8 20 1 35100 1720 1.5779176861869213 5
